<?xml version="1.0" encoding="UTF-8"?>
<testsuite name="com.dailyDrug.DailyDrugApplicationTests" tests="1" skipped="0" failures="0" errors="0" timestamp="2023-10-22T09:40:54" hostname="MacBook-Air.local" time="0.298">
  <properties/>
  <testcase name="contextLoads()" classname="com.dailyDrug.DailyDrugApplicationTests" time="0.298"/>
  <system-out><![CDATA[18:40:52.974 [Test worker] INFO org.springframework.test.context.support.AnnotationConfigContextLoaderUtils -- Could not detect default configuration classes for test class [com.dailyDrug.DailyDrugApplicationTests]: DailyDrugApplicationTests does not declare any static, non-private, non-final, nested classes annotated with @Configuration.
18:40:53.021 [Test worker] INFO org.springframework.boot.test.context.SpringBootTestContextBootstrapper -- Found @SpringBootConfiguration com.dailyDrug.DailyDrugApplication for test class com.dailyDrug.DailyDrugApplicationTests

  .   ____          _            __ _ _
 /\\ / ___'_ __ _ _(_)_ __  __ _ \ \ \ \
( ( )\___ | '_ | '_| | '_ \/ _` | \ \ \ \
 \\/  ___)| |_)| | | | | || (_| |  ) ) ) )
  '  |____| .__|_| |_|_| |_\__, | / / / /
 =========|_|==============|___/=/_/_/_/
 :: Spring Boot ::                (v3.1.3)

2023-10-22T18:40:53.201+09:00  WARN 56534 --- [    Test worker] ory$DuplicateJsonObjectContextCustomizer : 

Found multiple occurrences of org.json.JSONObject on the class path:

	jar:file:/Users/jbc/.gradle/caches/modules-2/files-2.1/org.json/org.json/chargebee-1.0/8b3f1c9d4af9140a570002657c6595f8fe21ba56/org.json-chargebee-1.0.jar!/org/json/JSONObject.class
	jar:file:/Users/jbc/.gradle/caches/modules-2/files-2.1/org.json/json/20230618/1ae16df7d556d02713e241086f878399e99260d6/json-20230618.jar!/org/json/JSONObject.class
	jar:file:/Users/jbc/.gradle/caches/modules-2/files-2.1/com.vaadin.external.google/android-json/0.0.20131108.vaadin1/fa26d351fe62a6a17f5cda1287c1c6110dec413f/android-json-0.0.20131108.vaadin1.jar!/org/json/JSONObject.class

You may wish to exclude one of them to ensure predictable runtime behavior

2023-10-22T18:40:53.208+09:00  INFO 56534 --- [    Test worker] c.dailyDrug.DailyDrugApplicationTests    : Starting DailyDrugApplicationTests using Java 17.0.9 with PID 56534 (started by jbc in /Users/jbc/Desktop/daily_mini_project/DailyDrug/server)
2023-10-22T18:40:53.209+09:00  INFO 56534 --- [    Test worker] c.dailyDrug.DailyDrugApplicationTests    : No active profile set, falling back to 1 default profile: "default"
2023-10-22T18:40:53.455+09:00  INFO 56534 --- [    Test worker] .s.d.r.c.RepositoryConfigurationDelegate : Bootstrapping Spring Data JPA repositories in DEFAULT mode.
2023-10-22T18:40:53.478+09:00  INFO 56534 --- [    Test worker] .s.d.r.c.RepositoryConfigurationDelegate : Finished Spring Data repository scanning in 19 ms. Found 1 JPA repository interfaces.
2023-10-22T18:40:53.653+09:00  INFO 56534 --- [    Test worker] o.hibernate.jpa.internal.util.LogHelper  : HHH000204: Processing PersistenceUnitInfo [name: default]
2023-10-22T18:40:53.673+09:00  INFO 56534 --- [    Test worker] org.hibernate.Version                    : HHH000412: Hibernate ORM core version 6.2.7.Final
2023-10-22T18:40:53.674+09:00  INFO 56534 --- [    Test worker] org.hibernate.cfg.Environment            : HHH000406: Using bytecode reflection optimizer
2023-10-22T18:40:53.726+09:00  INFO 56534 --- [    Test worker] o.h.b.i.BytecodeProviderInitiator        : HHH000021: Bytecode provider name : bytebuddy
2023-10-22T18:40:53.774+09:00  INFO 56534 --- [    Test worker] o.s.o.j.p.SpringPersistenceUnitInfo      : No LoadTimeWeaver setup: ignoring JPA class transformer
2023-10-22T18:40:53.781+09:00  INFO 56534 --- [    Test worker] com.zaxxer.hikari.HikariDataSource       : HikariPool-1 - Starting...
2023-10-22T18:40:53.878+09:00  INFO 56534 --- [    Test worker] com.zaxxer.hikari.pool.HikariPool        : HikariPool-1 - Added connection org.mariadb.jdbc.MariaDbConnection@3915e7c3
2023-10-22T18:40:53.879+09:00  INFO 56534 --- [    Test worker] com.zaxxer.hikari.HikariDataSource       : HikariPool-1 - Start completed.
2023-10-22T18:40:53.963+09:00  INFO 56534 --- [    Test worker] o.h.b.i.BytecodeProviderInitiator        : HHH000021: Bytecode provider name : bytebuddy
2023-10-22T18:40:54.200+09:00  INFO 56534 --- [    Test worker] o.h.e.t.j.p.i.JtaPlatformInitiator       : HHH000490: Using JtaPlatform implementation: [org.hibernate.engine.transaction.jta.platform.internal.NoJtaPlatform]
2023-10-22T18:40:54.252+09:00  INFO 56534 --- [    Test worker] j.LocalContainerEntityManagerFactoryBean : Initialized JPA EntityManagerFactory for persistence unit 'default'
2023-10-22T18:40:54.441+09:00  WARN 56534 --- [    Test worker] JpaBaseConfiguration$JpaWebConfiguration : spring.jpa.open-in-view is enabled by default. Therefore, database queries may be performed during view rendering. Explicitly configure spring.jpa.open-in-view to disable this warning
2023-10-22T18:40:54.511+09:00  INFO 56534 --- [    Test worker] o.s.b.a.w.s.WelcomePageHandlerMapping    : Adding welcome page: class path resource [static/index.html]
2023-10-22T18:40:54.598+09:00  INFO 56534 --- [    Test worker] c.dailyDrug.DailyDrugApplicationTests    : Started DailyDrugApplicationTests in 1.491 seconds (process running for 2.018)
]]></system-out>
  <system-err><![CDATA[]]></system-err>
</testsuite>
